app/build/outputs/logs/manifest-merger-debug-report.txt
-- Merging decision tree log ---
manifest
ADDED from Google_AIY_SnowBoy_Android_Things/app/AndroidManifest.xml:2:1-19:12
INJECTED from Google_AIY_SnowBoy_Android_Things/app/AndroidManifest.xml:2:1-19:12
INJECTED from Google_AIY_SnowBoy_Android_Things/app/AndroidManifest.xml:2:1-19:12
INJECTED from Google_AIY_SnowBoy_Android_Things/app/AndroidManifest.xml:2:1-19:12
MERGED from [:grpc] AndroidManifest.xml:2:1-14:12
MERGED from [com.google.android.things.contrib:driver-voicehat:1.0] AndroidManifest.xml:17:1-30:12
MERGED from [com.android.support:appcompat-v7:25.2.0] AndroidManifest.xml:17:1-27:12
MERGED from [com.android.support:recyclerview-v7:24.2.1] AndroidManifest.xml:17:1-22:12
MERGED from [com.android.support:animated-vector-drawable:25.2.0] AndroidManifest.xml:17:1-24:12
MERGED from [com.android.support:support-vector-drawable:25.2.0] AndroidManifest.xml:17:1-25:12
MERGED from [com.android.support:support-v4:25.2.0] AndroidManifest.xml:17:1-27:12
MERGED from [com.android.support:support-fragment:25.2.0] AndroidManifest.xml:17:1-27:12
MERGED from [com.android.support:support-core-ui:25.2.0] AndroidManifest.xml:17:1-27:12
MERGED from [com.android.support:support-media-compat:25.2.0] AndroidManifest.xml:17:1-27:12
MERGED from [com.android.support:support-core-utils:25.2.0] AndroidManifest.xml:17:1-27:12
MERGED from [com.android.support:support-compat:25.2.0] AndroidManifest.xml:17:1-27:12
MERGED from [com.google.android.things.contrib:driver-button:1.0] AndroidManifest.xml:17:1-30:12
INJECTED from Google_AIY_SnowBoy_Android_Things/app/AndroidManifest.xml:2:1-19:12
INJECTED from Google_AIY_SnowBoy_Android_Things/app/AndroidManifest.xml:2:1-19:12
INJECTED from Google_AIY_SnowBoy_Android_Things/app/AndroidManifest.xml:2:1-19:12
	package
		ADDED from Google_AIY_SnowBoy_Android_Things/app/AndroidManifest.xml:3:5-35
		INJECTED from Google_AIY_SnowBoy_Android_Things/app/AndroidManifest.xml
		INJECTED from Google_AIY_SnowBoy_Android_Things/app/AndroidManifest.xml
	android:versionName
		INJECTED from Google_AIY_SnowBoy_Android_Things/app/AndroidManifest.xml
		ADDED from Google_AIY_SnowBoy_Android_Things/app/AndroidManifest.xml:2:1-19:12
		INJECTED from Google_AIY_SnowBoy_Android_Things/app/AndroidManifest.xml
	android:versionCode
		INJECTED from Google_AIY_SnowBoy_Android_Things/app/AndroidManifest.xml
		ADDED from Google_AIY_SnowBoy_Android_Things/app/AndroidManifest.xml:2:1-19:12
		INJECTED from Google_AIY_SnowBoy_Android_Things/app/AndroidManifest.xml
	xmlns:android
		ADDED from Google_AIY_SnowBoy_Android_Things/app/AndroidManifest.xml:2:11-69
application
ADDED from Google_AIY_SnowBoy_Android_Things/app/AndroidManifest.xml:4:5-13:19
MERGED from [:grpc] AndroidManifest.xml:11:5-12:19
MERGED from [:grpc] AndroidManifest.xml:11:5-12:19
MERGED from [com.google.android.things.contrib:driver-voicehat:1.0] AndroidManifest.xml:24:5-28:19
MERGED from [com.google.android.things.contrib:driver-voicehat:1.0] AndroidManifest.xml:24:5-28:19
MERGED from [com.android.support:appcompat-v7:25.2.0] AndroidManifest.xml:25:5-20
MERGED from [com.android.support:appcompat-v7:25.2.0] AndroidManifest.xml:25:5-20
MERGED from [com.android.support:animated-vector-drawable:25.2.0] AndroidManifest.xml:22:5-20
MERGED from [com.android.support:animated-vector-drawable:25.2.0] AndroidManifest.xml:22:5-20
MERGED from [com.android.support:support-vector-drawable:25.2.0] AndroidManifest.xml:23:5-20
MERGED from [com.android.support:support-vector-drawable:25.2.0] AndroidManifest.xml:23:5-20
MERGED from [com.android.support:support-v4:25.2.0] AndroidManifest.xml:25:5-20
MERGED from [com.android.support:support-v4:25.2.0] AndroidManifest.xml:25:5-20
MERGED from [com.android.support:support-fragment:25.2.0] AndroidManifest.xml:25:5-20
MERGED from [com.android.support:support-fragment:25.2.0] AndroidManifest.xml:25:5-20
MERGED from [com.android.support:support-core-ui:25.2.0] AndroidManifest.xml:25:5-20
MERGED from [com.android.support:support-core-ui:25.2.0] AndroidManifest.xml:25:5-20
MERGED from [com.android.support:support-media-compat:25.2.0] AndroidManifest.xml:25:5-20
MERGED from [com.android.support:support-media-compat:25.2.0] AndroidManifest.xml:25:5-20
MERGED from [com.android.support:support-core-utils:25.2.0] AndroidManifest.xml:25:5-20
MERGED from [com.android.support:support-core-utils:25.2.0] AndroidManifest.xml:25:5-20
MERGED from [com.android.support:support-compat:25.2.0] AndroidManifest.xml:25:5-20
MERGED from [com.android.support:support-compat:25.2.0] AndroidManifest.xml:25:5-20
MERGED from [com.google.android.things.contrib:driver-button:1.0] AndroidManifest.xml:24:5-28:19
MERGED from [com.google.android.things.contrib:driver-button:1.0] AndroidManifest.xml:24:5-28:19
	android:label
		ADDED from Google_AIY_SnowBoy_Android_Things/app/AndroidManifest.xml:4:18-50
	android:icon
		ADDED from Google_AIY_SnowBoy_Android_Things/app/AndroidManifest.xml:4:51-85
activity#ai.kitt.snowboy.Demo
ADDED from Google_AIY_SnowBoy_Android_Things/app/AndroidManifest.xml:5:9-12:20
	android:label
		ADDED from Google_AIY_SnowBoy_Android_Things/app/AndroidManifest.xml:7:19-51
	android:windowSoftInputMode
		ADDED from Google_AIY_SnowBoy_Android_Things/app/AndroidManifest.xml:6:16-57
	android:name
		ADDED from Google_AIY_SnowBoy_Android_Things/app/AndroidManifest.xml:5:19-54
intent-filter#action:name:android.intent.action.MAIN+category:name:android.intent.category.LAUNCHER
ADDED from Google_AIY_SnowBoy_Android_Things/app/AndroidManifest.xml:8:13-11:29
action#android.intent.action.MAIN
ADDED from Google_AIY_SnowBoy_Android_Things/app/AndroidManifest.xml:9:17-69
	android:name
		ADDED from Google_AIY_SnowBoy_Android_Things/app/AndroidManifest.xml:9:25-66
category#android.intent.category.LAUNCHER
ADDED from Google_AIY_SnowBoy_Android_Things/app/AndroidManifest.xml:10:17-77
	android:name
		ADDED from Google_AIY_SnowBoy_Android_Things/app/AndroidManifest.xml:10:27-74
uses-permission#android.permission.ACCESS_WIFI_STATE
ADDED from Google_AIY_SnowBoy_Android_Things/app/AndroidManifest.xml:15:5-92
	android:name
		ADDED from Google_AIY_SnowBoy_Android_Things/app/AndroidManifest.xml:15:22-73
uses-permission#android.permission.RECORD_AUDIO
ADDED from Google_AIY_SnowBoy_Android_Things/app/AndroidManifest.xml:16:1-83
	android:name
		ADDED from Google_AIY_SnowBoy_Android_Things/app/AndroidManifest.xml:16:18-64
uses-permission#android.permission.INTERNET
ADDED from Google_AIY_SnowBoy_Android_Things/app/AndroidManifest.xml:17:1-79
	android:name
		ADDED from Google_AIY_SnowBoy_Android_Things/app/AndroidManifest.xml:17:18-60
uses-permission#android.permission.WRITE_EXTERNAL_STORAGE
ADDED from Google_AIY_SnowBoy_Android_Things/app/AndroidManifest.xml:18:1-76
	android:name
		ADDED from Google_AIY_SnowBoy_Android_Things/app/AndroidManifest.xml:18:18-74
uses-sdk
INJECTED from Google_AIY_SnowBoy_Android_Things/app/AndroidManifest.xml reason: use-sdk injection requested
INJECTED from Google_AIY_SnowBoy_Android_Things/app/AndroidManifest.xml
INJECTED from Google_AIY_SnowBoy_Android_Things/app/AndroidManifest.xml
MERGED from [:grpc] AndroidManifest.xml:7:5-9:41
MERGED from [:grpc] AndroidManifest.xml:7:5-9:41
MERGED from [com.google.android.things.contrib:driver-voicehat:1.0] AndroidManifest.xml:20:5-22:41
MERGED from [com.google.android.things.contrib:driver-voicehat:1.0] AndroidManifest.xml:20:5-22:41
MERGED from [com.android.support:appcompat-v7:25.2.0] AndroidManifest.xml:21:5-23:78
MERGED from [com.android.support:appcompat-v7:25.2.0] AndroidManifest.xml:21:5-23:78
MERGED from [com.android.support:recyclerview-v7:24.2.1] AndroidManifest.xml:20:5-43
MERGED from [com.android.support:recyclerview-v7:24.2.1] AndroidManifest.xml:20:5-43
MERGED from [com.android.support:animated-vector-drawable:25.2.0] AndroidManifest.xml:20:5-44
MERGED from [com.android.support:animated-vector-drawable:25.2.0] AndroidManifest.xml:20:5-44
MERGED from [com.android.support:support-vector-drawable:25.2.0] AndroidManifest.xml:21:5-43
MERGED from [com.android.support:support-vector-drawable:25.2.0] AndroidManifest.xml:21:5-43
MERGED from [com.android.support:support-v4:25.2.0] AndroidManifest.xml:21:5-23:54
MERGED from [com.android.support:support-v4:25.2.0] AndroidManifest.xml:21:5-23:54
MERGED from [com.android.support:support-fragment:25.2.0] AndroidManifest.xml:21:5-23:60
MERGED from [com.android.support:support-fragment:25.2.0] AndroidManifest.xml:21:5-23:60
MERGED from [com.android.support:support-core-ui:25.2.0] AndroidManifest.xml:21:5-23:58
MERGED from [com.android.support:support-core-ui:25.2.0] AndroidManifest.xml:21:5-23:58
MERGED from [com.android.support:support-media-compat:25.2.0] AndroidManifest.xml:21:5-23:63
MERGED from [com.android.support:support-media-compat:25.2.0] AndroidManifest.xml:21:5-23:63
MERGED from [com.android.support:support-core-utils:25.2.0] AndroidManifest.xml:21:5-23:61
MERGED from [com.android.support:support-core-utils:25.2.0] AndroidManifest.xml:21:5-23:61
MERGED from [com.android.support:support-compat:25.2.0] AndroidManifest.xml:21:5-23:58
MERGED from [com.android.support:support-compat:25.2.0] AndroidManifest.xml:21:5-23:58
MERGED from [com.google.android.things.contrib:driver-button:1.0] AndroidManifest.xml:20:5-22:41
MERGED from [com.google.android.things.contrib:driver-button:1.0] AndroidManifest.xml:20:5-22:41
INJECTED from Google_AIY_SnowBoy_Android_Things/app/AndroidManifest.xml
INJECTED from Google_AIY_SnowBoy_Android_Things/app/AndroidManifest.xml
	tools:overrideLibrary
		ADDED from [com.android.support:appcompat-v7:25.2.0] AndroidManifest.xml:23:9-75
	android:targetSdkVersion
		INJECTED from Google_AIY_SnowBoy_Android_Things/app/AndroidManifest.xml
		ADDED from Google_AIY_SnowBoy_Android_Things/app/AndroidManifest.xml
		INJECTED from Google_AIY_SnowBoy_Android_Things/app/AndroidManifest.xml
	android:minSdkVersion
		INJECTED from Google_AIY_SnowBoy_Android_Things/app/AndroidManifest.xml
		ADDED from Google_AIY_SnowBoy_Android_Things/app/AndroidManifest.xml
		INJECTED from Google_AIY_SnowBoy_Android_Things/app/AndroidManifest.xml
uses-library#com.google.android.things
ADDED from [com.google.android.things.contrib:driver-voicehat:1.0] AndroidManifest.xml:25:9-27:40
MERGED from [com.google.android.things.contrib:driver-button:1.0] AndroidManifest.xml:25:9-27:40
MERGED from [com.google.android.things.contrib:driver-button:1.0] AndroidManifest.xml:25:9-27:40
	android:required
		ADDED from [com.google.android.things.contrib:driver-voicehat:1.0] AndroidManifest.xml:27:13-37
	android:name
		ADDED from [com.google.android.things.contrib:driver-voicehat:1.0] AndroidManifest.xml:26:13-53